<?xml version="1.0" encoding="UTF-8"?>
<!-- Generated by org.testng.reporters.JUnitReportReporter -->
<testsuite hostname="DESKTOP-5SB7TM2" failures="0" tests="2" name="runner.TestRunner" time="0.242" errors="2" timestamp="2020-07-30T11:02:28 IST" skipped="0">
  <testcase classname="runner.TestRunner" name="runScenario" time="0.028">
    <error type="java.lang.NullPointerException">
      <![CDATA[java.lang.NullPointerException
at steps.Hook.InitializeTest(Hook.java:34)
]]>
    </error>
  </testcase> <!-- runScenario -->
  <system-out/>
  <testcase classname="runner.TestRunner" name="runScenario" time="0.214">
    <error type="java.lang.NullPointerException">
      <![CDATA[java.lang.NullPointerException
at steps.Hook.InitializeTest(Hook.java:34)
]]>
    </error>
  </testcase> <!-- runScenario -->
  <system-out/>
</testsuite> <!-- runner.TestRunner -->
